<?xml version="1.0" encoding="UTF-8"?>
<!-- Generated by org.testng.reporters.JUnitXMLReporter -->
<testsuite ignored="0" hostname="Supriyo-Sen" failures="1" tests="9" name="Smoke Test" time="71.405" errors="0" timestamp="2022-09-08T13:38:17 IST">
  <testcase classname="com.Ats.qa.Testcase.LoginPageTest" name="verifyTitleTest" time="0.205">
    <failure type="java.lang.AssertionError" message="ATS Title does not Match expected [AT Application] but found [192.168.1.96]">
      <![CDATA[java.lang.AssertionError: ATS Title does not Match expected [AT Application] but found [192.168.1.96]
at com.Ats.qa.Testcase.LoginPageTest.verifyTitleTest(LoginPageTest.java:41)
at java.base/java.util.ArrayList.forEach(ArrayList.java:1511)
... Removed 30 stack frames]]>
    </failure>
  </testcase> <!-- verifyTitleTest -->
  <testcase classname="com.Ats.qa.Testcase.LoginPageTest" name="verifylogoTest" time="0.082"/>
  <testcase classname="com.Ats.qa.Testcase.LoginPageTest" name="LoginValidation" time="2.229"/>
  <testcase classname="com.Ats.qa.Testcase.LoginPageTest" name="LoginValidation" time="2.237"/>
  <testcase classname="com.Ats.qa.Testcase.LoginPageTest" name="LoginValidation" time="2.207"/>
  <testcase classname="com.Ats.qa.Testcase.LoginPageTest" name="LoginValidation" time="2.225"/>
  <testcase classname="com.Ats.qa.Testcase.LoginPageTest" name="LoginValidation" time="2.192"/>
  <testcase classname="com.Ats.qa.Testcase.LoginPageTest" name="LoginValidation" time="2.225"/>
  <testcase classname="com.Ats.qa.Testcase.LoginPageTest" name="loginTest" time="5.218"/>
</testsuite> <!-- Smoke Test -->
